Arguments: 
  /home/kero/.nvm/versions/node/v16.13.2/bin/node /usr/share/yarn/bin/yarn.js

PATH: 
  /home/kero/.nvm/versions/node/v16.13.2/bin:/usr/local/sbin:/usr/local/bin:/usr/sbin:/usr/bin:/sbin:/bin:/usr/games:/usr/local/games:/snap/bin

Yarn version: 
  1.22.17

Node version: 
  16.13.2

Platform: 
  linux x64

Trace: 
  SyntaxError: /kero/projects/app_web_module_nanogrid-vue/package.json: Unexpected token } in JSON at position 196
      at JSON.parse (<anonymous>)
      at /usr/share/yarn/lib/cli.js:1625:59
      at Generator.next (<anonymous>)
      at step (/usr/share/yarn/lib/cli.js:310:30)
      at /usr/share/yarn/lib/cli.js:321:13

npm manifest: 
  {
    "name": "nano-grid-vue",
    "version": "1.1.0",
    "description": "Grid System",
    "main": "index.js",
    "scripts": {},
    "dependencies": {
      "nano-grid": "file:../app_web_module_nanogrid",
    },
    
    "repository": {
      "type": "git",
      "url": "git+https://github.com/miguel-rivas"
    },
    "author": "Miguel Rivas",
    "license": "MIT",
    "homepage": "http://miguel-rivas.github.io"
  }

yarn manifest: 
  No manifest

Lockfile: 
  No lockfile
